Copyright 1986-2018 Xilinx, Inc. All Rights Reserved.
-----------------------------------------------------------------------------------------------------
| Tool Version : Vivado v.2018.3 (lin64) Build 2405991 Thu Dec  6 23:36:41 MST 2018
| Date         : Tue Mar 26 19:00:28 2019
| Host         : dyn14 running 64-bit Ubuntu 18.04.2 LTS
| Command      : report_utilization -file fpga_utilization_placed.rpt -pb fpga_utilization_placed.pb
| Design       : fpga
| Device       : xcku035fbva676-2
| Design State : Fully Placed
-----------------------------------------------------------------------------------------------------

Utilization Design Information

Table of Contents
-----------------
1. CLB Logic
1.1 Summary of Registers by Type
2. CLB Logic Distribution
3. BLOCKRAM
4. ARITHMETIC
5. I/O
6. CLOCK
7. ADVANCED
8. CONFIGURATION
9. Primitives
10. Black Boxes
11. Instantiated Netlists

1. CLB Logic
------------

+----------------------------+-------+-------+-----------+-------+
|          Site Type         |  Used | Fixed | Available | Util% |
+----------------------------+-------+-------+-----------+-------+
| CLB LUTs                   | 44971 |     0 |    203128 | 22.14 |
|   LUT as Logic             | 41195 |     0 |    203128 | 20.28 |
|   LUT as Memory            |  3776 |     0 |    112800 |  3.35 |
|     LUT as Distributed RAM |  1988 |     0 |           |       |
|     LUT as Shift Register  |  1788 |     0 |           |       |
| CLB Registers              | 39186 |     0 |    406256 |  9.65 |
|   Register as Flip Flop    | 39186 |     0 |    406256 |  9.65 |
|   Register as Latch        |     0 |     0 |    406256 |  0.00 |
| CARRY8                     |   559 |     0 |     30300 |  1.84 |
| F7 Muxes                   |   676 |     0 |    121200 |  0.56 |
| F8 Muxes                   |   250 |     0 |     60600 |  0.41 |
| F9 Muxes                   |     0 |     0 |     30300 |  0.00 |
+----------------------------+-------+-------+-----------+-------+


1.1 Summary of Registers by Type
--------------------------------

+-------+--------------+-------------+--------------+
| Total | Clock Enable | Synchronous | Asynchronous |
+-------+--------------+-------------+--------------+
| 0     |            _ |           - |            - |
| 0     |            _ |           - |          Set |
| 0     |            _ |           - |        Reset |
| 0     |            _ |         Set |            - |
| 0     |            _ |       Reset |            - |
| 0     |          Yes |           - |            - |
| 219   |          Yes |           - |          Set |
| 1833  |          Yes |           - |        Reset |
| 723   |          Yes |         Set |            - |
| 36411 |          Yes |       Reset |            - |
+-------+--------------+-------------+--------------+


2. CLB Logic Distribution
-------------------------

+--------------------------------------------+-------+-------+-----------+-------+
|                  Site Type                 |  Used | Fixed | Available | Util% |
+--------------------------------------------+-------+-------+-----------+-------+
| CLB                                        |  9241 |     0 |     30300 | 30.50 |
|   CLBL                                     |  5074 |     0 |           |       |
|   CLBM                                     |  4167 |     0 |           |       |
| LUT as Logic                               | 41195 |     0 |    203128 | 20.28 |
|   using O5 output only                     |   633 |       |           |       |
|   using O6 output only                     | 34749 |       |           |       |
|   using O5 and O6                          |  5813 |       |           |       |
| LUT as Memory                              |  3776 |     0 |    112800 |  3.35 |
|   LUT as Distributed RAM                   |  1988 |     0 |           |       |
|     using O5 output only                   |     0 |       |           |       |
|     using O6 output only                   |    44 |       |           |       |
|     using O5 and O6                        |  1944 |       |           |       |
|   LUT as Shift Register                    |  1788 |     0 |           |       |
|     using O5 output only                   |     0 |       |           |       |
|     using O6 output only                   |   140 |       |           |       |
|     using O5 and O6                        |  1648 |       |           |       |
| CLB Registers                              | 39186 |     0 |    406256 |  9.65 |
|   Register driven from within the CLB      | 20218 |       |           |       |
|   Register driven from outside the CLB     | 18968 |       |           |       |
|     LUT in front of the register is unused | 11386 |       |           |       |
|     LUT in front of the register is used   |  7582 |       |           |       |
| Unique Control Sets                        |  1658 |       |     60600 |  2.74 |
+--------------------------------------------+-------+-------+-----------+-------+
* Note: Available Control Sets calculated as CLB Registers / 8, Review the Control Sets Report for more information regarding control sets.


3. BLOCKRAM
-----------

+-------------------+------+-------+-----------+-------+
|     Site Type     | Used | Fixed | Available | Util% |
+-------------------+------+-------+-----------+-------+
| Block RAM Tile    |  416 |     0 |       540 | 77.04 |
|   RAMB36/FIFO*    |  412 |     0 |       540 | 76.30 |
|     RAMB36E2 only |  412 |       |           |       |
|   RAMB18          |    8 |     0 |      1080 |  0.74 |
|     RAMB18E2 only |    8 |       |           |       |
+-------------------+------+-------+-----------+-------+
* Note: Each Block RAM Tile only has one FIFO logic available and therefore can accommodate only one FIFO36E2 or one FIFO18E2. However, if a FIFO18E2 occupies a Block RAM Tile, that tile can still accommodate a RAMB18E2


4. ARITHMETIC
-------------

+-----------+------+-------+-----------+-------+
| Site Type | Used | Fixed | Available | Util% |
+-----------+------+-------+-----------+-------+
| DSPs      |    0 |     0 |      1700 |  0.00 |
+-----------+------+-------+-----------+-------+


5. I/O
------

+------------------+------+-------+-----------+-------+
|     Site Type    | Used | Fixed | Available | Util% |
+------------------+------+-------+-----------+-------+
| Bonded IOB       |   12 |    12 |       312 |  3.85 |
| HPIOB            |   10 |    10 |       208 |  4.81 |
|   INPUT          |    2 |       |           |       |
|   OUTPUT         |    8 |       |           |       |
|   BIDIR          |    0 |       |           |       |
| HRIO             |    2 |     2 |       104 |  1.92 |
|   INPUT          |    0 |       |           |       |
|   OUTPUT         |    2 |       |           |       |
|   BIDIR          |    0 |       |           |       |
| HPIOBDIFFINBUF   |    1 |     1 |       192 |  0.52 |
|   DIFFINBUF      |    1 |     1 |           |       |
| HPIOBDIFFOUTBUF  |    0 |     0 |       192 |  0.00 |
| HRIODIFFINBUF    |    0 |     0 |        48 |  0.00 |
| HRIODIFFOUTBUF   |    0 |     0 |        48 |  0.00 |
| BITSLICE_CONTROL |    0 |     0 |        80 |  0.00 |
| BITSLICE_RX_TX   |    0 |     0 |       520 |  0.00 |
| BITSLICE_TX      |    0 |     0 |        80 |  0.00 |
| RIU_OR           |    0 |     0 |        40 |  0.00 |
+------------------+------+-------+-----------+-------+


6. CLOCK
--------

+----------------------+------+-------+-----------+-------+
|       Site Type      | Used | Fixed | Available | Util% |
+----------------------+------+-------+-----------+-------+
| GLOBAL CLOCK BUFFERs |   10 |     0 |       480 |  2.08 |
|   BUFGCE             |    4 |     0 |       240 |  1.67 |
|   BUFGCE_DIV         |    0 |     0 |        40 |  0.00 |
|   BUFG_GT            |    6 |     0 |       120 |  5.00 |
|   BUFGCTRL*          |    0 |     0 |        80 |  0.00 |
| PLLE3_ADV            |    0 |     0 |        20 |  0.00 |
| MMCME3_ADV           |    2 |     0 |        10 | 20.00 |
+----------------------+------+-------+-----------+-------+
* Note: Each used BUFGCTRL counts as two global buffer resources. This table does not include global clocking resources, only buffer cell usage. See the Clock Utilization Report (report_clock_utilization) for detailed accounting of global clocking resource availability.


7. ADVANCED
-----------

+-----------------+------+-------+-----------+-------+
|    Site Type    | Used | Fixed | Available | Util% |
+-----------------+------+-------+-----------+-------+
| GTHE3_CHANNEL   |    2 |     2 |        16 | 12.50 |
| GTHE3_COMMON    |    1 |     0 |         4 | 25.00 |
| IBUFDS_GTE3     |    1 |     1 |         8 | 12.50 |
| OBUFDS_GTE3     |    0 |     0 |         8 |  0.00 |
| OBUFDS_GTE3_ADV |    0 |     0 |         8 |  0.00 |
| PCIE_3_1        |    0 |     0 |         2 |  0.00 |
| SYSMONE1        |    0 |     0 |         1 |  0.00 |
+-----------------+------+-------+-----------+-------+


8. CONFIGURATION
----------------

+-------------+------+-------+-----------+-------+
|  Site Type  | Used | Fixed | Available | Util% |
+-------------+------+-------+-----------+-------+
| BSCANE2     |    1 |     0 |         4 | 25.00 |
| DNA_PORTE2  |    0 |     0 |         1 |  0.00 |
| EFUSE_USR   |    0 |     0 |         1 |  0.00 |
| FRAME_ECCE3 |    0 |     0 |         1 |  0.00 |
| ICAPE3      |    0 |     0 |         2 |  0.00 |
| MASTER_JTAG |    0 |     0 |         1 |  0.00 |
| STARTUPE3   |    0 |     0 |         1 |  0.00 |
+-------------+------+-------+-----------+-------+


9. Primitives
-------------

+---------------+-------+---------------------+
|    Ref Name   |  Used | Functional Category |
+---------------+-------+---------------------+
| FDRE          | 36411 |            Register |
| LUT6          | 18548 |                 CLB |
| LUT5          | 12421 |                 CLB |
| LUT3          |  7666 |                 CLB |
| LUT4          |  5651 |                 CLB |
| RAMD32        |  3406 |                 CLB |
| LUT2          |  2425 |                 CLB |
| SRL16E        |  2176 |                 CLB |
| FDCE          |  1833 |            Register |
| SRLC32E       |  1252 |                 CLB |
| FDSE          |   723 |            Register |
| MUXF7         |   676 |                 CLB |
| CARRY8        |   559 |                 CLB |
| RAMS32        |   486 |                 CLB |
| RAMB36E2      |   412 |           Block Ram |
| LUT1          |   297 |                 CLB |
| MUXF8         |   250 |                 CLB |
| FDPE          |   219 |            Register |
| RAMD64E       |    40 |                 CLB |
| OBUF          |    10 |                 I/O |
| SRLC16E       |     8 |                 CLB |
| RAMB18E2      |     8 |           Block Ram |
| BUFG_GT       |     6 |               Clock |
| BUFGCE        |     4 |               Clock |
| BUFG_GT_SYNC  |     3 |               Clock |
| MMCME3_ADV    |     2 |               Clock |
| GTHE3_CHANNEL |     2 |            Advanced |
| IBUFDS_GTE3   |     1 |            Advanced |
| IBUFCTRL      |     1 |              Others |
| GTHE3_COMMON  |     1 |            Advanced |
| DIFFINBUF     |     1 |                 I/O |
| BSCANE2       |     1 |       Configuration |
+---------------+-------+---------------------+


10. Black Boxes
---------------

+----------+------+
| Ref Name | Used |
+----------+------+


11. Instantiated Netlists
-------------------------

+-----------------------+------+
|        Ref Name       | Used |
+-----------------------+------+
| ila_4x64              |    4 |
| gtwizard_ultrascale_0 |    1 |
| dbg_hub               |    1 |
+-----------------------+------+


